<?xml version="1.0" encoding="utf-8"?><testsuites name="pytest tests"><testsuite name="pytest" errors="0" failures="0" skipped="0" tests="11" time="3.468" timestamp="2026-06-29T18:57:47.315508+00:00" hostname="agent-env-ec042482-41c5-4e1b-8db4-7aa9879ab849"><testcase classname="backend.tests.test_inventory_sync_branch" name="test_inventory_csv_export_owner" time="0.594" /><testcase classname="backend.tests.test_inventory_sync_branch" name="test_inventory_csv_export_forbidden_for_staff" time="0.500" /><testcase classname="backend.tests.test_inventory_sync_branch" name="test_inventory_template_csv_owner" time="0.108" /><testcase classname="backend.tests.test_inventory_sync_branch" name="test_inventory_template_forbidden_for_staff" time="0.101" /><testcase classname="backend.tests.test_inventory_sync_branch" name="test_inventory_import_skip_duplicates_and_errors" time="0.219" /><testcase classname="backend.tests.test_inventory_sync_branch" name="test_inventory_import_forbidden_for_staff" time="0.099" /><testcase classname="backend.tests.test_inventory_sync_branch" name="test_sync_owner_returns_payload" time="0.100" /><testcase classname="backend.tests.test_inventory_sync_branch" name="test_sync_staff_sees_data_but_empty_staff_array" time="0.104" /><testcase classname="backend.tests.test_inventory_sync_branch" name="test_sync_super_admin_sees_staff" time="0.441" /><testcase classname="backend.tests.test_inventory_sync_branch" name="test_create_staff_with_branch_id" time="0.895" /><testcase classname="backend.tests.test_inventory_sync_branch" name="test_tenant_isolation_in_sync" time="0.217" /></testsuite></testsuites>