<?xml version="1.0" encoding="utf-8"?><testsuites name="pytest tests"><testsuite name="pytest" errors="0" failures="0" skipped="0" tests="34" time="14.304" timestamp="2026-06-30T09:04:30.324239+00:00" hostname="agent-env-b85b5310-c537-4b1e-966e-40cee8e4bd0f"><testcase classname="backend.tests.test_iteration_9.TestAuth" name="test_super_admin_login" time="0.514" /><testcase classname="backend.tests.test_iteration_9.TestAuth" name="test_register_owner" time="0.493" /><testcase classname="backend.tests.test_iteration_9.TestCustomerCelebrationFields" name="test_birthday_anniversary_persisted" time="0.580" /><testcase classname="backend.tests.test_iteration_9.TestCelebrationsAndWishes" name="test_celebrations_today_returns_customer" time="0.227" /><testcase classname="backend.tests.test_iteration_9.TestCelebrationsAndWishes" name="test_wishes_send_single" time="0.097" /><testcase classname="backend.tests.test_iteration_9.TestCelebrationsAndWishes" name="test_wishes_send_bulk" time="0.095" /><testcase classname="backend.tests.test_iteration_9.TestCoupons" name="test_create_coupon" time="0.124" /><testcase classname="backend.tests.test_iteration_9.TestCoupons" name="test_duplicate_coupon_400" time="0.090" /><testcase classname="backend.tests.test_iteration_9.TestCoupons" name="test_list_coupons" time="0.099" /><testcase classname="backend.tests.test_iteration_9.TestCoupons" name="test_validate_coupon_ok" time="0.089" /><testcase classname="backend.tests.test_iteration_9.TestCoupons" name="test_validate_coupon_below_min" time="0.091" /><testcase classname="backend.tests.test_iteration_9.TestCoupons" name="test_validate_coupon_not_found" time="0.097" /><testcase classname="backend.tests.test_iteration_9.TestCoupons" name="test_delete_coupon" time="0.201" /><testcase classname="backend.tests.test_iteration_9.TestReferrals" name="test_create_and_convert_referral" time="0.424" /><testcase classname="backend.tests.test_iteration_9.TestRepairOrders" name="test_create_repair_order" time="0.189" /><testcase classname="backend.tests.test_iteration_9.TestRepairOrders" name="test_update_repair_status" time="0.125" /><testcase classname="backend.tests.test_iteration_9.TestRepairOrders" name="test_list_repair_orders_filter" time="0.248" /><testcase classname="backend.tests.test_iteration_9.TestSubscription" name="test_auto_renew_and_expiry_reminder" time="0.203" /><testcase classname="backend.tests.test_iteration_9.TestAIPrescriptionScan" name="test_ai_scan" time="6.558" /><testcase classname="backend.tests.test_iteration_9.TestExports" name="test_customers_pdf" time="0.225" /><testcase classname="backend.tests.test_iteration_9.TestExports" name="test_customers_xlsx" time="0.516" /><testcase classname="backend.tests.test_iteration_9.TestExports" name="test_inventory_pdf" time="0.091" /><testcase classname="backend.tests.test_iteration_9.TestExports" name="test_inventory_xlsx" time="0.095" /><testcase classname="backend.tests.test_iteration_9.TestExports" name="test_sales_pdf" time="0.105" /><testcase classname="backend.tests.test_iteration_9.TestExports" name="test_sales_xlsx" time="0.100" /><testcase classname="backend.tests.test_iteration_9.TestDashboard" name="test_dashboard_new_fields" time="0.102" /><testcase classname="backend.tests.test_iteration_9.TestSuperAdmin" name="test_coupons_all_super" time="0.405" /><testcase classname="backend.tests.test_iteration_9.TestSuperAdmin" name="test_referrals_all_super" time="0.096" /><testcase classname="backend.tests.test_iteration_9.TestSuperAdmin" name="test_repair_orders_all_super" time="0.090" /><testcase classname="backend.tests.test_iteration_9.TestSuperAdmin" name="test_wishes_all_super" time="0.097" /><testcase classname="backend.tests.test_iteration_9.TestSuperAdmin" name="test_owner_forbidden_admin_endpoints" time="0.357" /><testcase classname="backend.tests.test_iteration_9.TestTenantScoping" name="test_coupons_scoped" time="0.604" /><testcase classname="backend.tests.test_iteration_9.TestTenantScoping" name="test_referrals_scoped" time="0.372" /><testcase classname="backend.tests.test_iteration_9.TestTenantScoping" name="test_repair_orders_scoped" time="0.377" /></testsuite></testsuites>