<?xml version="1.0" encoding="utf-8"?><testsuites name="pytest tests"><testsuite name="pytest" errors="0" failures="0" skipped="0" tests="13" time="3.634" timestamp="2026-06-29T19:22:53.478719+00:00" hostname="agent-env-ec042482-41c5-4e1b-8db4-7aa9879ab849"><testcase classname="backend.tests.test_iteration_8.TestCountries" name="test_countries_list_min10" time="0.235" /><testcase classname="backend.tests.test_iteration_8.TestRegisterCountry" name="test_register_us_owner_has_usd" time="0.512" /><testcase classname="backend.tests.test_iteration_8.TestSalesTemplate" name="test_owner_can_download" time="0.433" /><testcase classname="backend.tests.test_iteration_8.TestSalesTemplate" name="test_staff_forbidden" time="0.485" /><testcase classname="backend.tests.test_iteration_8.TestSalesImport" name="test_staff_forbidden" time="0.104" /><testcase classname="backend.tests.test_iteration_8.TestSalesImport" name="test_import_and_dup_skip" time="0.343" /><testcase classname="backend.tests.test_iteration_8.TestReportsSeries" name="test_no_period_empty_series" time="0.101" /><testcase classname="backend.tests.test_iteration_8.TestReportsSeries" name="test_monthly_series" time="0.103" /><testcase classname="backend.tests.test_iteration_8.TestReportsSeries" name="test_yearly_series" time="0.118" /><testcase classname="backend.tests.test_iteration_8.TestReportsSeries" name="test_daily_series" time="0.099" /><testcase classname="backend.tests.test_iteration_8.TestReportsCSV" name="test_csv_date_range" time="0.159" /><testcase classname="backend.tests.test_iteration_8.TestReportsCSV" name="test_csv_accepts_branch_id" time="0.246" /><testcase classname="backend.tests.test_iteration_8.TestBranchFilter" name="test_branch_filter_lists" time="0.598" /></testsuite></testsuites>