<?xml version="1.0" encoding="utf-8"?><testsuites name="pytest tests"><testsuite name="pytest" errors="0" failures="0" skipped="0" tests="22" time="5.614" timestamp="2026-06-29T18:00:55.856322+00:00" hostname="agent-env-ec042482-41c5-4e1b-8db4-7aa9879ab849"><testcase classname="tests.test_staff_csv" name="test_login_super_admin" time="0.373" /><testcase classname="tests.test_staff_csv" name="test_login_owner" time="0.323" /><testcase classname="tests.test_staff_csv" name="test_login_staff" time="0.324" /><testcase classname="tests.test_staff_csv" name="test_login_wrong_password" time="0.347" /><testcase classname="tests.test_staff_csv" name="test_staff_list_owner" time="0.418" /><testcase classname="tests.test_staff_csv" name="test_staff_list_forbidden_for_staff" time="0.422" /><testcase classname="tests.test_staff_csv" name="test_create_staff_persists_in_list" time="0.420" /><testcase classname="tests.test_staff_csv" name="test_created_staff_can_login" time="0.340" /><testcase classname="tests.test_staff_csv" name="test_create_staff_duplicate_email" time="0.142" /><testcase classname="tests.test_staff_csv" name="test_staff_create_forbidden_for_staff" time="0.113" /><testcase classname="tests.test_staff_csv" name="test_update_staff" time="0.253" /><testcase classname="tests.test_staff_csv" name="test_update_staff_forbidden_for_staff" time="0.097" /><testcase classname="tests.test_staff_csv" name="test_cannot_delete_self" time="0.202" /><testcase classname="tests.test_staff_csv" name="test_cannot_delete_owner_role" time="0.222" /><testcase classname="tests.test_staff_csv" name="test_delete_staff" time="0.578" /><testcase classname="tests.test_staff_csv" name="test_customers_csv_export_owner" time="0.104" /><testcase classname="tests.test_staff_csv" name="test_customers_csv_export_forbidden_for_staff" time="0.105" /><testcase classname="tests.test_staff_csv" name="test_customers_template_csv" time="0.105" /><testcase classname="tests.test_staff_csv" name="test_customers_template_forbidden_for_staff" time="0.110" /><testcase classname="tests.test_staff_csv" name="test_customers_import_skip_duplicates_and_errors" time="0.118" /><testcase classname="tests.test_staff_csv" name="test_customers_import_forbidden_for_staff" time="0.100" /><testcase classname="tests.test_staff_csv" name="test_tenant_isolation_staff" time="0.313" /></testsuite></testsuites>